TN:
SF:/home/mokoyo/Desktop/AZRS/MATF-AZRS/tema05_cmake/07_project_gcov/string_lib/string_lib.cpp
FN:3,_Z5splitRKNSt7__cxx1112basic_stringIcSt11char_traitsIcESaIcEEEc
FNDA:6,_Z5splitRKNSt7__cxx1112basic_stringIcSt11char_traitsIcESaIcEEEc
FNF:1
FNH:1
DA:3,6
DA:5,6
DA:6,6
DA:7,6
DA:8,16
DA:10,22
DA:11,22
DA:12,22
DA:14,22
DA:15,10
DA:17,22
DA:18,22
DA:19,17
DA:21,22
DA:22,12
LF:15
LH:15
end_of_record
TN:
SF:/home/mokoyo/Desktop/AZRS/MATF-AZRS/tema05_cmake/07_project_gcov/string_lib/test.cpp
FN:5,main
FNDA:1,main
FNF:1
FNH:1
DA:5,1
DA:8,2
DA:9,2
DA:10,2
DA:11,2
DA:12,1
DA:13,1
DA:14,1
DA:17,2
DA:18,2
DA:19,2
DA:20,2
DA:21,2
DA:22,2
DA:24,9
DA:25,6
DA:26,5
DA:27,2
DA:28,2
DA:29,5
DA:32,1
DA:33,1
DA:34,1
DA:35,1
DA:36,1
DA:37,1
DA:39,1
DA:41,1
LF:28
LH:28
end_of_record
TN:
SF:/usr/include/c++/9/bits/alloc_traits.h
FN:443,_ZNSt16allocator_traitsISaINSt7__cxx1112basic_stringIcSt11char_traitsIcESaIcEEEEE8allocateERS6_m
FN:469,_ZNSt16allocator_traitsISaINSt7__cxx1112basic_stringIcSt11char_traitsIcESaIcEEEEE10deallocateERS6_PS5_m
FN:482,_ZNSt16allocator_traitsISaINSt7__cxx1112basic_stringIcSt11char_traitsIcESaIcEEEEE9constructIS5_JS5_EEEvRS6_PT_DpOT0_
FN:495,_ZNSt16allocator_traitsISaINSt7__cxx1112basic_stringIcSt11char_traitsIcESaIcEEEEE7destroyIS5_EEvRS6_PT_
FN:505,_ZNSt16allocator_traitsISaINSt7__cxx1112basic_stringIcSt11char_traitsIcESaIcEEEEE8max_sizeERKS6_
FN:514,_ZNSt16allocator_traitsISaIcEE37select_on_container_copy_constructionERKS0_
FNDA:13,_ZNSt16allocator_traitsISaINSt7__cxx1112basic_stringIcSt11char_traitsIcESaIcEEEEE10deallocateERS6_PS5_m
FNDA:13,_ZNSt16allocator_traitsISaINSt7__cxx1112basic_stringIcSt11char_traitsIcESaIcEEEEE8allocateERS6_m
FNDA:9,_ZNSt16allocator_traitsISaINSt7__cxx1112basic_stringIcSt11char_traitsIcESaIcEEEEE7destroyIS5_EEvRS6_PT_
FNDA:22,_ZNSt16allocator_traitsISaINSt7__cxx1112basic_stringIcSt11char_traitsIcESaIcEEEEE8max_sizeERKS6_
FNDA:19,_ZNSt16allocator_traitsISaINSt7__cxx1112basic_stringIcSt11char_traitsIcESaIcEEEEE9constructIS5_JS5_EEEvRS6_PT_DpOT0_
FNDA:0,_ZNSt16allocator_traitsISaIcEE37select_on_container_copy_constructionERKS0_
FNF:6
FNH:5
DA:443,13
DA:444,13
DA:469,13
DA:470,13
DA:482,19
DA:484,19
DA:495,9
DA:497,9
DA:505,22
DA:506,22
DA:514,0
DA:515,0
LF:12
LH:10
end_of_record
TN:
SF:/usr/include/c++/9/bits/allocator.h
FN:138,_ZNSaINSt7__cxx1112basic_stringIcSt11char_traitsIcESaIcEEEEC2Ev
FN:141,_ZNSaINSt7__cxx1112basic_stringIcSt11char_traitsIcESaIcEEEEC2ERKS5_
FN:153,_ZNSaINSt7__cxx1112basic_stringIcSt11char_traitsIcESaIcEEEED2Ev
FNDA:8,_ZNSaINSt7__cxx1112basic_stringIcSt11char_traitsIcESaIcEEEEC2ERKS5_
FNDA:20,_ZNSaINSt7__cxx1112basic_stringIcSt11char_traitsIcESaIcEEEED2Ev
FNDA:12,_ZNSaINSt7__cxx1112basic_stringIcSt11char_traitsIcESaIcEEEEC2Ev
FNF:3
FNH:3
DA:138,12
DA:141,8
DA:142,8
DA:153,20
LF:4
LH:4
end_of_record
TN:
SF:/usr/include/c++/9/bits/basic_string.h
FN:243,_ZNSt7__cxx1112basic_stringIcSt11char_traitsIcESaIcEE16_M_construct_auxIPcEEvT_S7_St12__false_type
FN:243,_ZNSt7__cxx1112basic_stringIcSt11char_traitsIcESaIcEE16_M_construct_auxIPKcEEvT_S8_St12__false_type
FN:263,_ZNSt7__cxx1112basic_stringIcSt11char_traitsIcESaIcEE12_M_constructIPKcEEvT_S8_
FN:263,_ZNSt7__cxx1112basic_stringIcSt11char_traitsIcESaIcEE12_M_constructIPcEEvT_S7_
FN:6149,_ZSteqIcEN9__gnu_cxx11__enable_ifIXsrSt9__is_charIT_E7__valueEbE6__typeERKNSt7__cxx1112basic_stringIS3_St11char_traitsIS3_ESaIS3_EEESE_
FNDA:0,_ZNSt7__cxx1112basic_stringIcSt11char_traitsIcESaIcEE12_M_constructIPcEEvT_S7_
FNDA:10,_ZSteqIcEN9__gnu_cxx11__enable_ifIXsrSt9__is_charIT_E7__valueEbE6__typeERKNSt7__cxx1112basic_stringIS3_St11char_traitsIS3_ESaIS3_EEESE_
FNDA:0,_ZNSt7__cxx1112basic_stringIcSt11char_traitsIcESaIcEE16_M_construct_auxIPKcEEvT_S8_St12__false_type
FNDA:0,_ZNSt7__cxx1112basic_stringIcSt11char_traitsIcESaIcEE12_M_constructIPKcEEvT_S8_
FNDA:0,_ZNSt7__cxx1112basic_stringIcSt11char_traitsIcESaIcEE16_M_construct_auxIPcEEvT_S7_St12__false_type
FNF:5
FNH:1
DA:243,0
DA:247,0
DA:248,0
DA:263,0
DA:266,0
DA:267,0
DA:6149,10
DA:6151,10
DA:6152,10
DA:6153,10
LF:10
LH:4
end_of_record
TN:
SF:/usr/include/c++/9/bits/basic_string.tcc
FN:206,_ZNSt7__cxx1112basic_stringIcSt11char_traitsIcESaIcEE12_M_constructIPKcEEvT_S8_St20forward_iterator_tag
FN:206,_ZNSt7__cxx1112basic_stringIcSt11char_traitsIcESaIcEE12_M_constructIPcEEvT_S7_St20forward_iterator_tag
FNDA:0,_ZNSt7__cxx1112basic_stringIcSt11char_traitsIcESaIcEE12_M_constructIPcEEvT_S7_St20forward_iterator_tag
FNDA:0,_ZNSt7__cxx1112basic_stringIcSt11char_traitsIcESaIcEE12_M_constructIPKcEEvT_S8_St20forward_iterator_tag
FNF:2
FNH:0
DA:206,0
DA:211,0
DA:212,0
DA:215,0
DA:217,0
DA:219,0
DA:220,0
DA:225,0
DA:226,0
DA:228,0
DA:229,0
DA:232,0
DA:233,0
LF:13
LH:0
end_of_record
TN:
SF:/usr/include/c++/9/bits/char_traits.h
FN:315,_ZNSt11char_traitsIcE7compareEPKcS2_m
FN:329,_ZNSt11char_traitsIcE6lengthEPKc
FN:361,_ZNSt11char_traitsIcE4copyEPcPKcm
FNDA:0,_ZNSt11char_traitsIcE6lengthEPKc
FNDA:0,_ZNSt11char_traitsIcE4copyEPcPKcm
FNDA:10,_ZNSt11char_traitsIcE7compareEPKcS2_m
FNF:3
FNH:1
DA:315,10
DA:317,10
DA:318,0
DA:325,10
DA:329,0
DA:335,0
DA:361,0
DA:363,0
DA:364,0
DA:365,0
LF:10
LH:3
end_of_record
TN:
SF:/usr/include/c++/9/bits/move.h
FN:47,_ZSt11__addressofINSt7__cxx1112basic_stringIcSt11char_traitsIcESaIcEEEEPT_RS6_
FN:74,_ZSt7forwardIRKNSt7__cxx1112basic_stringIcSt11char_traitsIcESaIcEEEEOT_RNSt16remove_referenceIS8_E4typeE
FN:74,_ZSt7forwardINSt7__cxx1112basic_stringIcSt11char_traitsIcESaIcEEEEOT_RNSt16remove_referenceIS6_E4typeE
FN:99,_ZSt4moveIRSaIcEEONSt16remove_referenceIT_E4typeEOS3_
FN:99,_ZSt4moveIRNSt7__cxx1112basic_stringIcSt11char_traitsIcESaIcEEEEONSt16remove_referenceIT_E4typeEOS8_
FNDA:57,_ZSt7forwardINSt7__cxx1112basic_stringIcSt11char_traitsIcESaIcEEEEOT_RNSt16remove_referenceIS6_E4typeE
FNDA:10,_ZSt7forwardIRKNSt7__cxx1112basic_stringIcSt11char_traitsIcESaIcEEEEOT_RNSt16remove_referenceIS8_E4typeE
FNDA:0,_ZSt4moveIRSaIcEEONSt16remove_referenceIT_E4typeEOS3_
FNDA:19,_ZSt4moveIRNSt7__cxx1112basic_stringIcSt11char_traitsIcESaIcEEEEONSt16remove_referenceIT_E4typeEOS8_
FNDA:57,_ZSt11__addressofINSt7__cxx1112basic_stringIcSt11char_traitsIcESaIcEEEEPT_RS6_
FNF:5
FNH:4
DA:47,57
DA:48,57
DA:74,67
DA:75,67
DA:99,19
DA:100,19
LF:6
LH:6
end_of_record
TN:
SF:/usr/include/c++/9/bits/predefined_ops.h
FN:234,_ZN9__gnu_cxx5__ops16_Iter_equals_valIKcEC2ERS2_
FN:240,_ZN9__gnu_cxx5__ops16_Iter_equals_valIKcEclINS_17__normal_iteratorIPS2_NSt7__cxx1112basic_stringIcSt11char_traitsIcESaIcEEEEEEEbT_
FN:246,_ZN9__gnu_cxx5__ops17__iter_equals_valIKcEENS0_16_Iter_equals_valIT_EERS4_
FNDA:131,_ZN9__gnu_cxx5__ops16_Iter_equals_valIKcEclINS_17__normal_iteratorIPS2_NSt7__cxx1112basic_stringIcSt11char_traitsIcESaIcEEEEEEEbT_
FNDA:22,_ZN9__gnu_cxx5__ops16_Iter_equals_valIKcEC2ERS2_
FNDA:22,_ZN9__gnu_cxx5__ops17__iter_equals_valIKcEENS0_16_Iter_equals_valIT_EERS4_
FNF:3
FNH:3
DA:234,22
DA:235,22
DA:236,22
DA:240,131
DA:241,131
DA:246,22
DA:247,22
LF:7
LH:7
end_of_record
TN:
SF:/usr/include/c++/9/bits/range_access.h
FN:58,_ZSt5beginINSt7__cxx1112basic_stringIcSt11char_traitsIcESaIcEEEEDTcldtfp_5beginEERKT_
FN:78,_ZSt3endINSt7__cxx1112basic_stringIcSt11char_traitsIcESaIcEEEEDTcldtfp_3endEERKT_
FNDA:28,_ZSt5beginINSt7__cxx1112basic_stringIcSt11char_traitsIcESaIcEEEEDTcldtfp_5beginEERKT_
FNDA:66,_ZSt3endINSt7__cxx1112basic_stringIcSt11char_traitsIcESaIcEEEEDTcldtfp_3endEERKT_
FNF:2
FNH:2
DA:58,28
DA:59,28
DA:78,66
DA:79,66
LF:4
LH:4
end_of_record
TN:
SF:/usr/include/c++/9/bits/stl_algo.h
FN:112,_ZSt9__find_ifIN9__gnu_cxx17__normal_iteratorIPKcNSt7__cxx1112basic_stringIcSt11char_traitsIcESaIcEEEEENS0_5__ops16_Iter_equals_valIS2_EEET_SE_SE_T0_St26random_access_iterator_tag
FN:159,_ZSt9__find_ifIN9__gnu_cxx17__normal_iteratorIPKcNSt7__cxx1112basic_stringIcSt11char_traitsIcESaIcEEEEENS0_5__ops16_Iter_equals_valIS2_EEET_SE_SE_T0_
FN:3930,_ZSt4findIN9__gnu_cxx17__normal_iteratorIPKcNSt7__cxx1112basic_stringIcSt11char_traitsIcESaIcEEEEEcET_SB_SB_RKT0_
FNDA:22,_ZSt4findIN9__gnu_cxx17__normal_iteratorIPKcNSt7__cxx1112basic_stringIcSt11char_traitsIcESaIcEEEEEcET_SB_SB_RKT0_
FNDA:22,_ZSt9__find_ifIN9__gnu_cxx17__normal_iteratorIPKcNSt7__cxx1112basic_stringIcSt11char_traitsIcESaIcEEEEENS0_5__ops16_Iter_equals_valIS2_EEET_SE_SE_T0_St26random_access_iterator_tag
FNDA:22,_ZSt9__find_ifIN9__gnu_cxx17__normal_iteratorIPKcNSt7__cxx1112basic_stringIcSt11char_traitsIcESaIcEEEEENS0_5__ops16_Iter_equals_valIS2_EEET_SE_SE_T0_
FNF:3
FNH:3
DA:112,22
DA:116,22
DA:118,45
DA:120,37
DA:121,8
DA:122,29
DA:124,29
DA:125,2
DA:126,27
DA:128,27
DA:129,3
DA:130,24
DA:132,24
DA:133,1
DA:134,23
DA:137,8
DA:139,4
DA:140,4
DA:141,1
DA:142,3
DA:143,5
DA:144,5
DA:145,1
DA:146,4
DA:147,5
DA:148,5
DA:149,1
DA:150,4
DA:151,5
DA:153,5
DA:159,22
DA:161,22
DA:162,44
DA:3930,22
DA:3938,22
DA:3939,22
LF:36
LH:36
end_of_record
TN:
SF:/usr/include/c++/9/bits/stl_algobase.h
FN:198,_ZSt3minImERKT_S2_S2_
FN:222,_ZSt3maxImERKT_S2_S2_
FN:280,_ZSt12__niter_baseIPNSt7__cxx1112basic_stringIcSt11char_traitsIcESaIcEEEET_S7_
FN:817,_ZNSt7__equalILb0EE5equalIPKNSt7__cxx1112basic_stringIcSt11char_traitsIcESaIcEEES9_EEbT_SA_T0_
FN:841,_ZSt11__equal_auxIPKNSt7__cxx1112basic_stringIcSt11char_traitsIcESaIcEEES7_EbT_S8_T0_
FN:1059,_ZSt5equalIN9__gnu_cxx17__normal_iteratorIPKNSt7__cxx1112basic_stringIcSt11char_traitsIcESaIcEEESt6vectorIS7_SaIS7_EEEESD_EbT_SE_T0_
FNDA:9,_ZSt3maxImERKT_S2_S2_
FNDA:6,_ZSt5equalIN9__gnu_cxx17__normal_iteratorIPKNSt7__cxx1112basic_stringIcSt11char_traitsIcESaIcEEESt6vectorIS7_SaIS7_EEEESD_EbT_SE_T0_
FNDA:6,_ZSt11__equal_auxIPKNSt7__cxx1112basic_stringIcSt11char_traitsIcESaIcEEES7_EbT_S8_T0_
FNDA:22,_ZSt3minImERKT_S2_S2_
FNDA:6,_ZNSt7__equalILb0EE5equalIPKNSt7__cxx1112basic_stringIcSt11char_traitsIcESaIcEEES9_EEbT_SA_T0_
FNDA:54,_ZSt12__niter_baseIPNSt7__cxx1112basic_stringIcSt11char_traitsIcESaIcEEEET_S7_
FNF:6
FNH:6
DA:198,22
DA:203,22
DA:204,0
DA:205,22
DA:222,9
DA:227,9
DA:228,4
DA:229,5
DA:280,54
DA:282,54
DA:817,16
DA:819,16
DA:820,10
DA:821,0
DA:822,6
DA:841,6
DA:845,6
DA:851,6
DA:1059,6
DA:1069,6
DA:1071,6
LF:21
LH:19
end_of_record
TN:
SF:/usr/include/c++/9/bits/stl_construct.h
FN:74,_ZSt10_ConstructINSt7__cxx1112basic_stringIcSt11char_traitsIcESaIcEEEJS5_EEvPT_DpOT0_
FN:74,_ZSt10_ConstructINSt7__cxx1112basic_stringIcSt11char_traitsIcESaIcEEEJRKS5_EEvPT_DpOT0_
FN:97,_ZSt8_DestroyINSt7__cxx1112basic_stringIcSt11char_traitsIcESaIcEEEEvPT_
FN:105,_ZNSt12_Destroy_auxILb0EE9__destroyIPNSt7__cxx1112basic_stringIcSt11char_traitsIcESaIcEEEEEvT_S9_
FN:127,_ZSt8_DestroyIPNSt7__cxx1112basic_stringIcSt11char_traitsIcESaIcEEEEvT_S7_
FN:203,_ZSt8_DestroyIPNSt7__cxx1112basic_stringIcSt11char_traitsIcESaIcEEES5_EvT_S7_RSaIT0_E
FNDA:12,_ZSt8_DestroyIPNSt7__cxx1112basic_stringIcSt11char_traitsIcESaIcEEEEvT_S7_
FNDA:0,_ZSt10_ConstructINSt7__cxx1112basic_stringIcSt11char_traitsIcESaIcEEEJS5_EEvPT_DpOT0_
FNDA:10,_ZSt10_ConstructINSt7__cxx1112basic_stringIcSt11char_traitsIcESaIcEEEJRKS5_EEvPT_DpOT0_
FNDA:20,_ZSt8_DestroyINSt7__cxx1112basic_stringIcSt11char_traitsIcESaIcEEEEvPT_
FNDA:12,_ZSt8_DestroyIPNSt7__cxx1112basic_stringIcSt11char_traitsIcESaIcEEES5_EvT_S7_RSaIT0_E
FNDA:12,_ZNSt12_Destroy_auxILb0EE9__destroyIPNSt7__cxx1112basic_stringIcSt11char_traitsIcESaIcEEEEEvT_S9_
FNF:6
FNH:5
DA:74,10
DA:75,10
DA:97,20
DA:98,20
DA:105,32
DA:107,32
DA:108,20
DA:109,12
DA:127,12
DA:137,12
DA:138,12
DA:203,12
DA:206,12
DA:207,12
LF:14
LH:14
end_of_record
TN:
SF:/usr/include/c++/9/bits/stl_iterator.h
FN:806,_ZN9__gnu_cxx17__normal_iteratorIPNSt7__cxx1112basic_stringIcSt11char_traitsIcESaIcEEESt6vectorIS6_SaIS6_EEEC2ERKS7_
FN:806,_ZN9__gnu_cxx17__normal_iteratorIPKNSt7__cxx1112basic_stringIcSt11char_traitsIcESaIcEEESt6vectorIS6_SaIS6_EEEC2ERKS8_
FN:806,_ZN9__gnu_cxx17__normal_iteratorIPKcNSt7__cxx1112basic_stringIcSt11char_traitsIcESaIcEEEEC2ERKS2_
FN:819,_ZNK9__gnu_cxx17__normal_iteratorIPKcNSt7__cxx1112basic_stringIcSt11char_traitsIcESaIcEEEEdeEv
FN:827,_ZN9__gnu_cxx17__normal_iteratorIPKcNSt7__cxx1112basic_stringIcSt11char_traitsIcESaIcEEEEppEv
FN:834,_ZN9__gnu_cxx17__normal_iteratorIPKcNSt7__cxx1112basic_stringIcSt11char_traitsIcESaIcEEEEppEi
FN:871,_ZNK9__gnu_cxx17__normal_iteratorIPNSt7__cxx1112basic_stringIcSt11char_traitsIcESaIcEEESt6vectorIS6_SaIS6_EEE4baseEv
FN:871,_ZNK9__gnu_cxx17__normal_iteratorIPKcNSt7__cxx1112basic_stringIcSt11char_traitsIcESaIcEEEE4baseEv
FN:871,_ZNK9__gnu_cxx17__normal_iteratorIPKNSt7__cxx1112basic_stringIcSt11char_traitsIcESaIcEEESt6vectorIS6_SaIS6_EEE4baseEv
FN:907,_ZN9__gnu_cxxneIPKcNSt7__cxx1112basic_stringIcSt11char_traitsIcESaIcEEEEEbRKNS_17__normal_iteratorIT_T0_EESE_
FN:989,_ZN9__gnu_cxxmiIPNSt7__cxx1112basic_stringIcSt11char_traitsIcESaIcEEESt6vectorIS6_SaIS6_EEEENS_17__normal_iteratorIT_T0_E15difference_typeERKSE_SH_
FN:989,_ZN9__gnu_cxxmiIPKcNSt7__cxx1112basic_stringIcSt11char_traitsIcESaIcEEEEENS_17__normal_iteratorIT_T0_E15difference_typeERKSC_SF_
FN:1010,_ZSt12__niter_baseIPKNSt7__cxx1112basic_stringIcSt11char_traitsIcESaIcEEESt6vectorIS5_SaIS5_EEET_N9__gnu_cxx17__normal_iteratorISB_T0_EE
FN:1057,_ZNSt13move_iteratorIPNSt7__cxx1112basic_stringIcSt11char_traitsIcESaIcEEEEC2ES6_
FN:1066,_ZNKSt13move_iteratorIPNSt7__cxx1112basic_stringIcSt11char_traitsIcESaIcEEEE4baseEv
FN:1070,_ZNKSt13move_iteratorIPNSt7__cxx1112basic_stringIcSt11char_traitsIcESaIcEEEEdeEv
FN:1078,_ZNSt13move_iteratorIPNSt7__cxx1112basic_stringIcSt11char_traitsIcESaIcEEEEppEv
FN:1145,_ZSteqIPNSt7__cxx1112basic_stringIcSt11char_traitsIcESaIcEEEEbRKSt13move_iteratorIT_ESB_
FN:1157,_ZStneIPNSt7__cxx1112basic_stringIcSt11char_traitsIcESaIcEEEEbRKSt13move_iteratorIT_ESB_
FN:1242,_ZSt32__make_move_if_noexcept_iteratorINSt7__cxx1112basic_stringIcSt11char_traitsIcESaIcEEESt13move_iteratorIPS5_EET0_PT_
FNDA:0,_ZNSt13move_iteratorIPNSt7__cxx1112basic_stringIcSt11char_traitsIcESaIcEEEEppEv
FNDA:0,_ZNKSt13move_iteratorIPNSt7__cxx1112basic_stringIcSt11char_traitsIcESaIcEEEEdeEv
FNDA:18,_ZNK9__gnu_cxx17__normal_iteratorIPKNSt7__cxx1112basic_stringIcSt11char_traitsIcESaIcEEESt6vectorIS6_SaIS6_EEE4baseEv
FNDA:192,_ZNK9__gnu_cxx17__normal_iteratorIPKcNSt7__cxx1112basic_stringIcSt11char_traitsIcESaIcEEEE4baseEv
FNDA:18,_ZN9__gnu_cxx17__normal_iteratorIPKNSt7__cxx1112basic_stringIcSt11char_traitsIcESaIcEEESt6vectorIS6_SaIS6_EEEC2ERKS8_
FNDA:17,_ZN9__gnu_cxx17__normal_iteratorIPKcNSt7__cxx1112basic_stringIcSt11char_traitsIcESaIcEEEEC2ERKS2_
FNDA:114,_ZN9__gnu_cxx17__normal_iteratorIPKcNSt7__cxx1112basic_stringIcSt11char_traitsIcESaIcEEEEppEv
FNDA:0,_ZNKSt13move_iteratorIPNSt7__cxx1112basic_stringIcSt11char_traitsIcESaIcEEEE4baseEv
FNDA:52,_ZN9__gnu_cxxmiIPKcNSt7__cxx1112basic_stringIcSt11char_traitsIcESaIcEEEEENS_17__normal_iteratorIT_T0_E15difference_typeERKSC_SF_
FNDA:44,_ZN9__gnu_cxxneIPKcNSt7__cxx1112basic_stringIcSt11char_traitsIcESaIcEEEEEbRKNS_17__normal_iteratorIT_T0_EESE_
FNDA:0,_ZSteqIPNSt7__cxx1112basic_stringIcSt11char_traitsIcESaIcEEEEbRKSt13move_iteratorIT_ESB_
FNDA:0,_ZStneIPNSt7__cxx1112basic_stringIcSt11char_traitsIcESaIcEEEEbRKSt13move_iteratorIT_ESB_
FNDA:18,_ZSt12__niter_baseIPKNSt7__cxx1112basic_stringIcSt11char_traitsIcESaIcEEESt6vectorIS5_SaIS5_EEET_N9__gnu_cxx17__normal_iteratorISB_T0_EE
FNDA:17,_ZN9__gnu_cxx17__normal_iteratorIPKcNSt7__cxx1112basic_stringIcSt11char_traitsIcESaIcEEEEppEi
FNDA:36,_ZNK9__gnu_cxx17__normal_iteratorIPNSt7__cxx1112basic_stringIcSt11char_traitsIcESaIcEEESt6vectorIS6_SaIS6_EEE4baseEv
FNDA:131,_ZNK9__gnu_cxx17__normal_iteratorIPKcNSt7__cxx1112basic_stringIcSt11char_traitsIcESaIcEEEEdeEv
FNDA:18,_ZN9__gnu_cxx17__normal_iteratorIPNSt7__cxx1112basic_stringIcSt11char_traitsIcESaIcEEESt6vectorIS6_SaIS6_EEEC2ERKS7_
FNDA:9,_ZN9__gnu_cxxmiIPNSt7__cxx1112basic_stringIcSt11char_traitsIcESaIcEEESt6vectorIS6_SaIS6_EEEENS_17__normal_iteratorIT_T0_E15difference_typeERKSE_SH_
FNDA:0,_ZSt32__make_move_if_noexcept_iteratorINSt7__cxx1112basic_stringIcSt11char_traitsIcESaIcEEESt13move_iteratorIPS5_EET0_PT_
FNDA:0,_ZNSt13move_iteratorIPNSt7__cxx1112basic_stringIcSt11char_traitsIcESaIcEEEEC2ES6_
FNF:20
FNH:13
DA:806,53
DA:807,53
DA:819,131
DA:820,131
DA:827,114
DA:829,114
DA:830,114
DA:834,17
DA:835,17
DA:871,246
DA:872,246
DA:907,44
DA:910,44
DA:989,61
DA:992,61
DA:1010,18
DA:1012,18
DA:1057,0
DA:1058,0
DA:1066,0
DA:1067,0
DA:1070,0
DA:1071,0
DA:1078,0
DA:1080,0
DA:1081,0
DA:1145,0
DA:1147,0
DA:1157,0
DA:1159,0
DA:1242,0
DA:1243,0
LF:32
LH:17
end_of_record
TN:
SF:/usr/include/c++/9/bits/stl_iterator_base_funcs.h
FN:98,_ZSt10__distanceIPcENSt15iterator_traitsIT_E15difference_typeES2_S2_St26random_access_iterator_tag
FN:98,_ZSt10__distanceIPKcENSt15iterator_traitsIT_E15difference_typeES3_S3_St26random_access_iterator_tag
FN:98,_ZSt10__distanceIPKNSt7__cxx1112basic_stringIcSt11char_traitsIcESaIcEEEENSt15iterator_traitsIT_E15difference_typeES9_S9_St26random_access_iterator_tag
FN:138,_ZSt8distanceIPKcENSt15iterator_traitsIT_E15difference_typeES3_S3_
FN:138,_ZSt8distanceIPKNSt7__cxx1112basic_stringIcSt11char_traitsIcESaIcEEEENSt15iterator_traitsIT_E15difference_typeES9_S9_
FN:138,_ZSt8distanceIPcENSt15iterator_traitsIT_E15difference_typeES2_S2_
FNDA:4,_ZSt8distanceIPKNSt7__cxx1112basic_stringIcSt11char_traitsIcESaIcEEEENSt15iterator_traitsIT_E15difference_typeES9_S9_
FNDA:0,_ZSt8distanceIPKcENSt15iterator_traitsIT_E15difference_typeES3_S3_
FNDA:0,_ZSt8distanceIPcENSt15iterator_traitsIT_E15difference_typeES2_S2_
FNDA:0,_ZSt10__distanceIPcENSt15iterator_traitsIT_E15difference_typeES2_S2_St26random_access_iterator_tag
FNDA:4,_ZSt10__distanceIPKNSt7__cxx1112basic_stringIcSt11char_traitsIcESaIcEEEENSt15iterator_traitsIT_E15difference_typeES9_S9_St26random_access_iterator_tag
FNDA:0,_ZSt10__distanceIPKcENSt15iterator_traitsIT_E15difference_typeES3_S3_St26random_access_iterator_tag
FNF:6
FNH:2
DA:98,4
DA:104,4
DA:138,4
DA:141,4
DA:142,8
LF:5
LH:5
end_of_record
TN:
SF:/usr/include/c++/9/bits/stl_iterator_base_types.h
FN:205,_ZSt19__iterator_categoryIPcENSt15iterator_traitsIT_E17iterator_categoryERKS2_
FN:205,_ZSt19__iterator_categoryIPKNSt7__cxx1112basic_stringIcSt11char_traitsIcESaIcEEEENSt15iterator_traitsIT_E17iterator_categoryERKS9_
FN:205,_ZSt19__iterator_categoryIN9__gnu_cxx17__normal_iteratorIPKcNSt7__cxx1112basic_stringIcSt11char_traitsIcESaIcEEEEEENSt15iterator_traitsIT_E17iterator_categoryERKSC_
FN:205,_ZSt19__iterator_categoryIPKcENSt15iterator_traitsIT_E17iterator_categoryERKS3_
FNDA:0,_ZSt19__iterator_categoryIPKcENSt15iterator_traitsIT_E17iterator_categoryERKS3_
FNDA:0,_ZSt19__iterator_categoryIPcENSt15iterator_traitsIT_E17iterator_categoryERKS2_
FNDA:4,_ZSt19__iterator_categoryIPKNSt7__cxx1112basic_stringIcSt11char_traitsIcESaIcEEEENSt15iterator_traitsIT_E17iterator_categoryERKS9_
FNDA:22,_ZSt19__iterator_categoryIN9__gnu_cxx17__normal_iteratorIPKcNSt7__cxx1112basic_stringIcSt11char_traitsIcESaIcEEEEEENSt15iterator_traitsIT_E17iterator_categoryERKSC_
FNF:4
FNH:2
DA:205,26
DA:206,26
LF:2
LH:2
end_of_record
TN:
SF:/usr/include/c++/9/bits/stl_uninitialized.h
FN:76,_ZNSt20__uninitialized_copyILb0EE13__uninit_copyIPKNSt7__cxx1112basic_stringIcSt11char_traitsIcESaIcEEEPS7_EET0_T_SC_SB_
FN:76,_ZNSt20__uninitialized_copyILb0EE13__uninit_copyISt13move_iteratorIPNSt7__cxx1112basic_stringIcSt11char_traitsIcESaIcEEEES9_EET0_T_SC_SB_
FN:115,_ZSt18uninitialized_copyIPKNSt7__cxx1112basic_stringIcSt11char_traitsIcESaIcEEEPS5_ET0_T_SA_S9_
FN:115,_ZSt18uninitialized_copyISt13move_iteratorIPNSt7__cxx1112basic_stringIcSt11char_traitsIcESaIcEEEES7_ET0_T_SA_S9_
FN:305,_ZSt22__uninitialized_copy_aIPKNSt7__cxx1112basic_stringIcSt11char_traitsIcESaIcEEEPS5_S5_ET0_T_SA_S9_RSaIT1_E
FN:305,_ZSt22__uninitialized_copy_aISt13move_iteratorIPNSt7__cxx1112basic_stringIcSt11char_traitsIcESaIcEEEES7_S6_ET0_T_SA_S9_RSaIT1_E
FN:323,_ZSt34__uninitialized_move_if_noexcept_aIPNSt7__cxx1112basic_stringIcSt11char_traitsIcESaIcEEES6_SaIS5_EET0_T_S9_S8_RT1_
FN:905,_ZSt19__relocate_object_aINSt7__cxx1112basic_stringIcSt11char_traitsIcESaIcEEES5_SaIS5_EEvPT_PT0_RT1_
FN:936,_ZSt14__relocate_a_1IPNSt7__cxx1112basic_stringIcSt11char_traitsIcESaIcEEES6_SaIS5_EET0_T_S9_S8_RT1_
FN:958,_ZSt12__relocate_aIPNSt7__cxx1112basic_stringIcSt11char_traitsIcESaIcEEES6_SaIS5_EET0_T_S9_S8_RT1_
FNDA:18,_ZSt14__relocate_a_1IPNSt7__cxx1112basic_stringIcSt11char_traitsIcESaIcEEES6_SaIS5_EET0_T_S9_S8_RT1_
FNDA:4,_ZSt18uninitialized_copyIPKNSt7__cxx1112basic_stringIcSt11char_traitsIcESaIcEEEPS5_ET0_T_SA_S9_
FNDA:0,_ZNSt20__uninitialized_copyILb0EE13__uninit_copyISt13move_iteratorIPNSt7__cxx1112basic_stringIcSt11char_traitsIcESaIcEEEES9_EET0_T_SC_SB_
FNDA:0,_ZSt18uninitialized_copyISt13move_iteratorIPNSt7__cxx1112basic_stringIcSt11char_traitsIcESaIcEEEES7_ET0_T_SA_S9_
FNDA:18,_ZSt12__relocate_aIPNSt7__cxx1112basic_stringIcSt11char_traitsIcESaIcEEES6_SaIS5_EET0_T_S9_S8_RT1_
FNDA:4,_ZNSt20__uninitialized_copyILb0EE13__uninit_copyIPKNSt7__cxx1112basic_stringIcSt11char_traitsIcESaIcEEEPS7_EET0_T_SC_SB_
FNDA:0,_ZSt34__uninitialized_move_if_noexcept_aIPNSt7__cxx1112basic_stringIcSt11char_traitsIcESaIcEEES6_SaIS5_EET0_T_S9_S8_RT1_
FNDA:4,_ZSt22__uninitialized_copy_aIPKNSt7__cxx1112basic_stringIcSt11char_traitsIcESaIcEEEPS5_S5_ET0_T_SA_S9_RSaIT1_E
FNDA:9,_ZSt19__relocate_object_aINSt7__cxx1112basic_stringIcSt11char_traitsIcESaIcEEES5_SaIS5_EEvPT_PT0_RT1_
FNDA:0,_ZSt22__uninitialized_copy_aISt13move_iteratorIPNSt7__cxx1112basic_stringIcSt11char_traitsIcESaIcEEEES7_S6_ET0_T_SA_S9_RSaIT1_E
FNF:10
FNH:6
DA:76,4
DA:79,4
DA:82,14
DA:83,10
DA:84,4
DA:86,0
DA:88,0
DA:89,0
DA:115,4
DA:134,4
DA:140,4
DA:305,4
DA:307,4
DA:323,0
DA:329,0
DA:330,0
DA:905,9
DA:912,9
DA:913,9
DA:914,9
DA:936,18
DA:948,18
DA:949,27
DA:950,9
DA:952,18
DA:958,18
DA:964,18
DA:966,18
LF:28
LH:22
end_of_record
TN:
SF:/usr/include/c++/9/bits/stl_vector.h
FN:94,_ZNSt12_Vector_baseINSt7__cxx1112basic_stringIcSt11char_traitsIcESaIcEEESaIS5_EE17_Vector_impl_dataC2Ev
FN:128,_ZNSt12_Vector_baseINSt7__cxx1112basic_stringIcSt11char_traitsIcESaIcEEESaIS5_EE12_Vector_implC2Ev
FN:133,_ZNSt12_Vector_baseINSt7__cxx1112basic_stringIcSt11char_traitsIcESaIcEEESaIS5_EE12_Vector_implC2ERKS6_
FN:273,_ZNSt12_Vector_baseINSt7__cxx1112basic_stringIcSt11char_traitsIcESaIcEEESaIS5_EE19_M_get_Tp_allocatorEv
FN:277,_ZNKSt12_Vector_baseINSt7__cxx1112basic_stringIcSt11char_traitsIcESaIcEEESaIS5_EE19_M_get_Tp_allocatorEv
FN:285,_ZNSt12_Vector_baseINSt7__cxx1112basic_stringIcSt11char_traitsIcESaIcEEESaIS5_EEC2Ev
FN:290,_ZNSt12_Vector_baseINSt7__cxx1112basic_stringIcSt11char_traitsIcESaIcEEESaIS5_EEC2ERKS6_
FN:330,_ZNSt12_Vector_baseINSt7__cxx1112basic_stringIcSt11char_traitsIcESaIcEEESaIS5_EED2Ev
FN:340,_ZNSt12_Vector_baseINSt7__cxx1112basic_stringIcSt11char_traitsIcESaIcEEESaIS5_EE11_M_allocateEm
FN:347,_ZNSt12_Vector_baseINSt7__cxx1112basic_stringIcSt11char_traitsIcESaIcEEESaIS5_EE13_M_deallocateEPS5_m
FN:428,_ZNSt6vectorINSt7__cxx1112basic_stringIcSt11char_traitsIcESaIcEEESaIS5_EE19_S_nothrow_relocateESt17integral_constantIbLb1EE
FN:441,_ZNSt6vectorINSt7__cxx1112basic_stringIcSt11char_traitsIcESaIcEEESaIS5_EE15_S_use_relocateEv
FN:450,_ZNSt6vectorINSt7__cxx1112basic_stringIcSt11char_traitsIcESaIcEEESaIS5_EE14_S_do_relocateEPS5_S8_S8_RS6_St17integral_constantIbLb1EE
FN:462,_ZNSt6vectorINSt7__cxx1112basic_stringIcSt11char_traitsIcESaIcEEESaIS5_EE11_S_relocateEPS5_S8_S8_RS6_
FN:484,_ZNSt6vectorINSt7__cxx1112basic_stringIcSt11char_traitsIcESaIcEEESaIS5_EEC2Ev
FN:622,_ZNSt6vectorINSt7__cxx1112basic_stringIcSt11char_traitsIcESaIcEEESaIS5_EEC2ESt16initializer_listIS5_ERKS6_
FN:675,_ZNSt6vectorINSt7__cxx1112basic_stringIcSt11char_traitsIcESaIcEEESaIS5_EED2Ev
FN:808,_ZNSt6vectorINSt7__cxx1112basic_stringIcSt11char_traitsIcESaIcEEESaIS5_EE5beginEv
FN:817,_ZNKSt6vectorINSt7__cxx1112basic_stringIcSt11char_traitsIcESaIcEEESaIS5_EE5beginEv
FN:826,_ZNSt6vectorINSt7__cxx1112basic_stringIcSt11char_traitsIcESaIcEEESaIS5_EE3endEv
FN:835,_ZNKSt6vectorINSt7__cxx1112basic_stringIcSt11char_traitsIcESaIcEEESaIS5_EE3endEv
FN:915,_ZNKSt6vectorINSt7__cxx1112basic_stringIcSt11char_traitsIcESaIcEEESaIS5_EE4sizeEv
FN:920,_ZNKSt6vectorINSt7__cxx1112basic_stringIcSt11char_traitsIcESaIcEEESaIS5_EE8max_sizeEv
FN:1200,_ZNSt6vectorINSt7__cxx1112basic_stringIcSt11char_traitsIcESaIcEEESaIS5_EE9push_backEOS5_
FN:1574,_ZNSt6vectorINSt7__cxx1112basic_stringIcSt11char_traitsIcESaIcEEESaIS5_EE19_M_range_initializeIPKS5_EEvT_SB_St20forward_iterator_tag
FN:1753,_ZNKSt6vectorINSt7__cxx1112basic_stringIcSt11char_traitsIcESaIcEEESaIS5_EE12_M_check_lenEmPKc
FN:1764,_ZNSt6vectorINSt7__cxx1112basic_stringIcSt11char_traitsIcESaIcEEESaIS5_EE17_S_check_init_lenEmRKS6_
FN:1773,_ZNSt6vectorINSt7__cxx1112basic_stringIcSt11char_traitsIcESaIcEEESaIS5_EE11_S_max_sizeERKS6_
FN:1888,_ZSteqINSt7__cxx1112basic_stringIcSt11char_traitsIcESaIcEEESaIS5_EEbRKSt6vectorIT_T0_ESC_
FNDA:4,_ZNSt12_Vector_baseINSt7__cxx1112basic_stringIcSt11char_traitsIcESaIcEEESaIS5_EE12_Vector_implC2ERKS6_
FNDA:12,_ZNSt12_Vector_baseINSt7__cxx1112basic_stringIcSt11char_traitsIcESaIcEEESaIS5_EE17_Vector_impl_dataC2Ev
FNDA:4,_ZNSt6vectorINSt7__cxx1112basic_stringIcSt11char_traitsIcESaIcEEESaIS5_EE17_S_check_init_lenEmRKS6_
FNDA:8,_ZNSt6vectorINSt7__cxx1112basic_stringIcSt11char_traitsIcESaIcEEESaIS5_EEC2Ev
FNDA:22,_ZNSt6vectorINSt7__cxx1112basic_stringIcSt11char_traitsIcESaIcEEESaIS5_EE11_S_max_sizeERKS6_
FNDA:18,_ZNSt6vectorINSt7__cxx1112basic_stringIcSt11char_traitsIcESaIcEEESaIS5_EE14_S_do_relocateEPS5_S8_S8_RS6_St17integral_constantIbLb1EE
FNDA:12,_ZNKSt6vectorINSt7__cxx1112basic_stringIcSt11char_traitsIcESaIcEEESaIS5_EE5beginEv
FNDA:9,_ZNKSt6vectorINSt7__cxx1112basic_stringIcSt11char_traitsIcESaIcEEESaIS5_EE12_M_check_lenEmPKc
FNDA:8,_ZNSt12_Vector_baseINSt7__cxx1112basic_stringIcSt11char_traitsIcESaIcEEESaIS5_EE12_Vector_implC2Ev
FNDA:21,_ZNSt12_Vector_baseINSt7__cxx1112basic_stringIcSt11char_traitsIcESaIcEEESaIS5_EE13_M_deallocateEPS5_m
FNDA:13,_ZNSt12_Vector_baseINSt7__cxx1112basic_stringIcSt11char_traitsIcESaIcEEESaIS5_EE11_M_allocateEm
FNDA:18,_ZNKSt6vectorINSt7__cxx1112basic_stringIcSt11char_traitsIcESaIcEEESaIS5_EE8max_sizeEv
FNDA:4,_ZNSt6vectorINSt7__cxx1112basic_stringIcSt11char_traitsIcESaIcEEESaIS5_EE19_M_range_initializeIPKS5_EEvT_SB_St20forward_iterator_tag
FNDA:48,_ZNKSt6vectorINSt7__cxx1112basic_stringIcSt11char_traitsIcESaIcEEESaIS5_EE4sizeEv
FNDA:18,_ZNKSt12_Vector_baseINSt7__cxx1112basic_stringIcSt11char_traitsIcESaIcEEESaIS5_EE19_M_get_Tp_allocatorEv
FNDA:18,_ZNSt6vectorINSt7__cxx1112basic_stringIcSt11char_traitsIcESaIcEEESaIS5_EE15_S_use_relocateEv
FNDA:9,_ZNSt6vectorINSt7__cxx1112basic_stringIcSt11char_traitsIcESaIcEEESaIS5_EE5beginEv
FNDA:8,_ZNSt12_Vector_baseINSt7__cxx1112basic_stringIcSt11char_traitsIcESaIcEEESaIS5_EEC2Ev
FNDA:38,_ZNSt12_Vector_baseINSt7__cxx1112basic_stringIcSt11char_traitsIcESaIcEEESaIS5_EE19_M_get_Tp_allocatorEv
FNDA:4,_ZNSt12_Vector_baseINSt7__cxx1112basic_stringIcSt11char_traitsIcESaIcEEESaIS5_EEC2ERKS6_
FNDA:6,_ZNKSt6vectorINSt7__cxx1112basic_stringIcSt11char_traitsIcESaIcEEESaIS5_EE3endEv
FNDA:10,_ZNSt6vectorINSt7__cxx1112basic_stringIcSt11char_traitsIcESaIcEEESaIS5_EE9push_backEOS5_
FNDA:12,_ZNSt6vectorINSt7__cxx1112basic_stringIcSt11char_traitsIcESaIcEEESaIS5_EED2Ev
FNDA:6,_ZSteqINSt7__cxx1112basic_stringIcSt11char_traitsIcESaIcEEESaIS5_EEbRKSt6vectorIT_T0_ESC_
FNDA:4,_ZNSt6vectorINSt7__cxx1112basic_stringIcSt11char_traitsIcESaIcEEESaIS5_EEC2ESt16initializer_listIS5_ERKS6_
FNDA:9,_ZNSt6vectorINSt7__cxx1112basic_stringIcSt11char_traitsIcESaIcEEESaIS5_EE3endEv
FNDA:18,_ZNSt6vectorINSt7__cxx1112basic_stringIcSt11char_traitsIcESaIcEEESaIS5_EE11_S_relocateEPS5_S8_S8_RS6_
FNDA:12,_ZNSt12_Vector_baseINSt7__cxx1112basic_stringIcSt11char_traitsIcESaIcEEESaIS5_EED2Ev
FNDA:18,_ZNSt6vectorINSt7__cxx1112basic_stringIcSt11char_traitsIcESaIcEEESaIS5_EE19_S_nothrow_relocateESt17integral_constantIbLb1EE
FNF:29
FNH:29
DA:94,12
DA:95,12
DA:96,12
DA:128,8
DA:130,8
DA:131,8
DA:133,4
DA:134,4
DA:135,4
DA:273,38
DA:274,38
DA:277,18
DA:278,18
DA:285,8
DA:290,4
DA:291,4
DA:330,12
DA:332,12
DA:333,12
DA:334,12
DA:340,13
DA:343,13
DA:347,21
DA:350,21
DA:351,13
DA:352,21
DA:428,18
DA:433,18
DA:441,18
DA:446,18
DA:450,18
DA:453,18
DA:462,18
DA:466,18
DA:484,8
DA:622,4
DA:624,4
DA:626,4
DA:628,4
DA:675,12
DA:677,12
DA:678,12
DA:680,12
DA:808,9
DA:809,9
DA:817,12
DA:818,12
DA:826,9
DA:827,9
DA:835,6
DA:836,6
DA:915,48
DA:916,48
DA:920,18
DA:921,18
DA:1200,10
DA:1201,10
DA:1574,4
DA:1577,4
DA:1578,4
DA:1579,4
DA:1580,4
DA:1581,4
DA:1582,4
DA:1584,4
DA:1585,4
DA:1753,9
DA:1755,9
DA:1756,0
DA:1758,9
DA:1759,9
DA:1764,4
DA:1766,4
DA:1767,0
DA:1769,4
DA:1773,22
DA:1778,22
DA:1780,22
DA:1781,22
DA:1888,6
DA:1889,6
DA:1890,6
LF:82
LH:80
end_of_record
TN:
SF:/usr/include/c++/9/bits/vector.tcc
FN:109,_ZNSt6vectorINSt7__cxx1112basic_stringIcSt11char_traitsIcESaIcEEESaIS5_EE12emplace_backIJS5_EEEvDpOT_
FN:426,_ZNSt6vectorINSt7__cxx1112basic_stringIcSt11char_traitsIcESaIcEEESaIS5_EE17_M_realloc_insertIJS5_EEEvN9__gnu_cxx17__normal_iteratorIPS5_S7_EEDpOT_
FNDA:9,_ZNSt6vectorINSt7__cxx1112basic_stringIcSt11char_traitsIcESaIcEEESaIS5_EE17_M_realloc_insertIJS5_EEEvN9__gnu_cxx17__normal_iteratorIPS5_S7_EEDpOT_
FNDA:10,_ZNSt6vectorINSt7__cxx1112basic_stringIcSt11char_traitsIcESaIcEEESaIS5_EE12emplace_backIJS5_EEEvDpOT_
FNF:2
FNH:2
DA:109,10
DA:112,10
DA:115,1
DA:117,1
DA:121,9
DA:125,10
DA:426,9
DA:435,9
DA:437,9
DA:438,9
DA:439,9
DA:440,9
DA:441,9
DA:449,9
DA:450,9
DA:456,9
DA:459,9
DA:461,9
DA:462,9
DA:464,9
DA:466,9
DA:467,9
DA:474,0
DA:475,0
DA:477,0
DA:481,0
DA:482,0
DA:485,0
DA:487,0
DA:488,0
DA:489,0
DA:491,0
DA:492,0
DA:493,0
DA:496,9
DA:498,0
DA:500,9
DA:501,9
DA:502,9
DA:503,9
DA:504,9
DA:505,9
LF:42
LH:29
end_of_record
TN:
SF:/usr/include/c++/9/ext/alloc_traits.h
FN:97,_ZN9__gnu_cxx14__alloc_traitsISaIcEcE17_S_select_on_copyERKS1_
FNDA:0,_ZN9__gnu_cxx14__alloc_traitsISaIcEcE17_S_select_on_copyERKS1_
FNF:1
FNH:0
DA:97,0
DA:98,0
LF:2
LH:0
end_of_record
TN:
SF:/usr/include/c++/9/ext/new_allocator.h
FN:80,_ZN9__gnu_cxx13new_allocatorINSt7__cxx1112basic_stringIcSt11char_traitsIcESaIcEEEEC2Ev
FN:80,_ZN9__gnu_cxx13new_allocatorIcEC2Ev
FN:83,_ZN9__gnu_cxx13new_allocatorINSt7__cxx1112basic_stringIcSt11char_traitsIcESaIcEEEEC2ERKS7_
FN:83,_ZN9__gnu_cxx13new_allocatorIcEC2ERKS1_
FN:89,_ZN9__gnu_cxx13new_allocatorIcED2Ev
FN:89,_ZN9__gnu_cxx13new_allocatorINSt7__cxx1112basic_stringIcSt11char_traitsIcESaIcEEEED2Ev
FN:102,_ZN9__gnu_cxx13new_allocatorINSt7__cxx1112basic_stringIcSt11char_traitsIcESaIcEEEE8allocateEmPKv
FN:119,_ZN9__gnu_cxx13new_allocatorINSt7__cxx1112basic_stringIcSt11char_traitsIcESaIcEEEE10deallocateEPS6_m
FN:132,_ZNK9__gnu_cxx13new_allocatorINSt7__cxx1112basic_stringIcSt11char_traitsIcESaIcEEEE8max_sizeEv
FN:144,_ZN9__gnu_cxx13new_allocatorINSt7__cxx1112basic_stringIcSt11char_traitsIcESaIcEEEE9constructIS6_JS6_EEEvPT_DpOT0_
FN:151,_ZN9__gnu_cxx13new_allocatorINSt7__cxx1112basic_stringIcSt11char_traitsIcESaIcEEEE7destroyIS6_EEvPT_
FNDA:0,_ZN9__gnu_cxx13new_allocatorIcEC2Ev
FNDA:13,_ZN9__gnu_cxx13new_allocatorINSt7__cxx1112basic_stringIcSt11char_traitsIcESaIcEEEE8allocateEmPKv
FNDA:0,_ZN9__gnu_cxx13new_allocatorIcEC2ERKS1_
FNDA:13,_ZN9__gnu_cxx13new_allocatorINSt7__cxx1112basic_stringIcSt11char_traitsIcESaIcEEEE10deallocateEPS6_m
FNDA:12,_ZN9__gnu_cxx13new_allocatorINSt7__cxx1112basic_stringIcSt11char_traitsIcESaIcEEEEC2Ev
FNDA:19,_ZN9__gnu_cxx13new_allocatorINSt7__cxx1112basic_stringIcSt11char_traitsIcESaIcEEEE9constructIS6_JS6_EEEvPT_DpOT0_
FNDA:35,_ZNK9__gnu_cxx13new_allocatorINSt7__cxx1112basic_stringIcSt11char_traitsIcESaIcEEEE8max_sizeEv
FNDA:8,_ZN9__gnu_cxx13new_allocatorINSt7__cxx1112basic_stringIcSt11char_traitsIcESaIcEEEEC2ERKS7_
FNDA:9,_ZN9__gnu_cxx13new_allocatorINSt7__cxx1112basic_stringIcSt11char_traitsIcESaIcEEEE7destroyIS6_EEvPT_
FNDA:20,_ZN9__gnu_cxx13new_allocatorINSt7__cxx1112basic_stringIcSt11char_traitsIcESaIcEEEED2Ev
FNDA:0,_ZN9__gnu_cxx13new_allocatorIcED2Ev
FNF:11
FNH:8
DA:80,12
DA:83,8
DA:89,20
DA:102,13
DA:104,13
DA:105,0
DA:114,13
DA:119,13
DA:128,13
DA:129,13
DA:132,35
DA:135,35
DA:144,19
DA:147,19
DA:151,9
DA:153,9
LF:16
LH:15
end_of_record
TN:
SF:/usr/include/c++/9/ext/type_traits.h
FN:152,_ZN9__gnu_cxx17__is_null_pointerIcEEbPT_
FN:152,_ZN9__gnu_cxx17__is_null_pointerIKcEEbPT_
FNDA:0,_ZN9__gnu_cxx17__is_null_pointerIcEEbPT_
FNDA:0,_ZN9__gnu_cxx17__is_null_pointerIKcEEbPT_
FNF:2
FNH:0
DA:152,0
DA:153,0
LF:2
LH:0
end_of_record
TN:
SF:/usr/include/c++/9/initializer_list
FN:71,_ZNKSt16initializer_listINSt7__cxx1112basic_stringIcSt11char_traitsIcESaIcEEEE4sizeEv
FN:75,_ZNKSt16initializer_listINSt7__cxx1112basic_stringIcSt11char_traitsIcESaIcEEEE5beginEv
FN:79,_ZNKSt16initializer_listINSt7__cxx1112basic_stringIcSt11char_traitsIcESaIcEEEE3endEv
FNDA:4,_ZNKSt16initializer_listINSt7__cxx1112basic_stringIcSt11char_traitsIcESaIcEEEE4sizeEv
FNDA:8,_ZNKSt16initializer_listINSt7__cxx1112basic_stringIcSt11char_traitsIcESaIcEEEE5beginEv
FNDA:4,_ZNKSt16initializer_listINSt7__cxx1112basic_stringIcSt11char_traitsIcESaIcEEEE3endEv
FNF:3
FNH:3
DA:71,4
DA:75,8
DA:79,4
LF:3
LH:3
end_of_record
TN:
SF:/usr/include/c++/9/new
FN:173,_ZnwmPv
FN:179,_ZdlPvS_
FNDA:0,_ZdlPvS_
FNDA:29,_ZnwmPv
FNF:2
FNH:1
DA:173,29
DA:174,29
DA:179,0
LF:3
LH:2
end_of_record
